c:\programming\opengl\glsl_base\glsl_base_vs2017\glsl_base_vs2017\x64\debug\vc141.pdb
c:\programming\opengl\glsl_base\glsl_base_vs2017\glsl_base_vs2017\x64\debug\vc141.idb
c:\programming\opengl\glsl_base\glsl_base_vs2017\glsl_base_vs2017\x64\debug\meshloader.obj
c:\programming\opengl\glsl_base\glsl_base_vs2017\glsl_base_vs2017\x64\debug\camera.obj
c:\programming\opengl\glsl_base\glsl_base_vs2017\glsl_base_vs2017\x64\debug\shader_program.obj
c:\programming\opengl\glsl_base\glsl_base_vs2017\glsl_base_vs2017\x64\debug\window_handler.obj
c:\programming\opengl\glsl_base\glsl_base_vs2017\glsl_base_vs2017\x64\debug\glsl_base_core.obj
c:\programming\opengl\glsl_base\glsl_base_vs2017\glsl_base_vs2017\x64\debug\scene_test.obj
c:\programming\opengl\glsl_base\glsl_base_vs2017\glsl_base_vs2017\x64\debug\scene_flat_terrain.obj
c:\programming\opengl\glsl_base\glsl_base_vs2017\glsl_base_vs2017\x64\debug\scene_mrt_fbo.obj
c:\programming\opengl\glsl_base\glsl_base_vs2017\glsl_base_vs2017\x64\debug\glrenderer.obj
c:\programming\opengl\glsl_base\glsl_base_vs2017\x64\debug\glsl_base_vs2017.exe
c:\programming\opengl\glsl_base\glsl_base_vs2017\x64\debug\glsl_base_vs2017.ilk
c:\programming\opengl\glsl_base\glsl_base_vs2017\x64\debug\glsl_base_vs2017.pdb
c:\programming\opengl\glsl_base\glsl_base_vs2017\glsl_base_vs2017\x64\debug\glsl_base_vs2017.tlog\cl.command.1.tlog
c:\programming\opengl\glsl_base\glsl_base_vs2017\glsl_base_vs2017\x64\debug\glsl_base_vs2017.tlog\cl.read.1.tlog
c:\programming\opengl\glsl_base\glsl_base_vs2017\glsl_base_vs2017\x64\debug\glsl_base_vs2017.tlog\cl.write.1.tlog
c:\programming\opengl\glsl_base\glsl_base_vs2017\glsl_base_vs2017\x64\debug\glsl_base_vs2017.tlog\link.command.1.tlog
c:\programming\opengl\glsl_base\glsl_base_vs2017\glsl_base_vs2017\x64\debug\glsl_base_vs2017.tlog\link.read.1.tlog
c:\programming\opengl\glsl_base\glsl_base_vs2017\glsl_base_vs2017\x64\debug\glsl_base_vs2017.tlog\link.write.1.tlog
